<?xml version="1.0" encoding="UTF-8"?>
<!-- Generated by org.testng.reporters.JUnitXMLReporter -->
<testsuite ignored="0" hostname="Fayyaz" failures="0" tests="4" name="Default test" time="0.129" errors="0" timestamp="2024-03-28T15:07:16 IST">
  <testcase classname="test.test2" name="Demo3" time="0.012"/>
  <testcase classname="test.test2" name="Demo4" time="0.002"/>
  <testcase classname="test.test2" name="Demo4" time="0.002"/>
  <testcase classname="test.test2" name="Demo4" time="0.015"/>
</testsuite> <!-- Default test -->
