<?xml version="1.0" encoding="UTF-8"?>
<!-- Generated by org.testng.reporters.JUnitXMLReporter -->
<testsuite ignored="1" hostname="Fayyaz" failures="0" tests="3" name="car_loan" time="0.026" errors="0" timestamp="2024-03-29T09:54:37 IST">
  <testcase classname="test.test2" name="Demo3" time="0.002"/>
  <testcase classname="test.test3" name="Demo6" time="0.002"/>
  <testcase classname="test.test3" name="Demo7" time="0.005"/>
  <testcase classname="test.test2" name="Demo4" time="0.0">
    <ignored/>
  </testcase> <!-- Demo4 -->
</testsuite> <!-- car_loan -->
